{
  level: 'error',
  message: 'Unauthorized accessed declined.',
  service: 'user-service',
  timestamp: '2023-03-25T16:30:21.549Z'
}
{
  level: 'error',
  message: 'Unauthorized API access was declined.',
  payload: '/users',
  service: 'user-service',
  timestamp: '2023-03-25T16:31:55.766Z'
}
{
  level: 'error',
  message: 'SIGINT signal detected',
  service: 'user-service',
  timestamp: '2023-03-25T16:47:17.352Z'
}
{
  level: 'error',
  message: 'App started on port 9999',
  service: 'user-service',
  timestamp: '2023-03-25T16:48:29.502Z'
}
{
  level: 'error',
  message: 'SIGINT signal detected',
  service: 'user-service',
  timestamp: '2023-03-25T16:48:38.142Z'
}
{
  level: 'error',
  message: 'App started on port 9999',
  service: 'user-service',
  timestamp: '2023-03-25T16:49:12.095Z'
}
{
  level: 'error',
  message: 'App started on port 9999',
  service: 'user-service',
  timestamp: '2023-03-25T16:49:13.944Z'
}
{
  level: 'info',
  message: 'App started on port 9999',
  service: 'user-service',
  timestamp: '2023-03-25T16:49:31.751Z'
}
{
  level: 'info',
  message: 'App started on port 9999',
  service: 'user-service',
  timestamp: '2023-03-25T17:12:47.409Z'
}
{
  level: 'info',
  message: 'App started on port 9999',
  service: 'user-service',
  timestamp: '2023-03-25T17:15:22.921Z'
}
{
  level: 'info',
  message: 'App started on port 9999',
  service: 'user-service',
  timestamp: '2023-03-26T07:25:26.513Z'
}
{
  level: 'info',
  message: 'App started on port 9999',
  service: 'user-service',
  timestamp: '2023-03-26T07:25:56.711Z'
}
{
  level: 'info',
  message: 'lhimili@shapeherd.rw failed to log in',
  service: 'user-service',
  timestamp: '2023-03-26T07:37:18.124Z'
}
{
  level: 'info',
  message: 'lhimili@shapeherd.com failed to log in',
  service: 'user-service',
  timestamp: '2023-03-26T07:37:28.401Z'
}
{
  level: 'info',
  message: 'bruce@irembo.gov successfully logged in',
  service: 'user-service',
  timestamp: '2023-03-26T07:37:36.780Z'
}
{
  level: 'info',
  message: 'higirobru+vendor@gmail.com failed to log in',
  service: 'user-service',
  timestamp: '2023-03-26T07:38:18.217Z'
}
{
  level: 'info',
  message: 'bruce@irembo.gov successfully logged in',
  service: 'user-service',
  timestamp: '2023-03-26T07:38:41.600Z'
}
{
  level: 'info',
  message: 'higirobru+vendor@gmail.com successfully logged in',
  service: 'user-service',
  timestamp: '2023-03-26T07:39:17.980Z'
}
{
  level: 'info',
  message: 'bruce@irembo.gov successfully logged in',
  service: 'user-service',
  timestamp: '2023-03-26T07:40:11.679Z'
}
{
  level: 'info',
  message: 'email@irembo.gov successfully logged in',
  service: 'user-service',
  timestamp: '2023-03-26T07:40:26.418Z'
}
{
  level: 'info',
  message: 'Bid 641ff6d6cd44c51f0d66d581 selected for the tender 6412c2ece636716a75722186',
  service: 'user-service',
  timestamp: '2023-03-26T07:40:47.504Z'
}
{
  level: 'info',
  message: 'Bid 641ff6d6cd44c51f0d66d581 was awarded for the tender 6412c2ece636716a75722186',
  service: 'user-service',
  timestamp: '2023-03-26T07:40:54.069Z'
}
{
  level: 'info',
  message: 'Contract 641ff73acd44c51f0d66d803 successfully created',
  service: 'user-service',
  timestamp: '2023-03-26T07:41:46.334Z'
}
{
  level: 'info',
  message: 'higirobru+pm@gmail.com successfully logged in',
  service: 'user-service',
  timestamp: '2023-03-26T07:42:13.793Z'
}
{
  level: 'info',
  message: 'higirobru+pm@gmail.com successfully logged in',
  service: 'user-service',
  timestamp: '2023-03-26T07:42:20.308Z'
}
{
  level: 'info',
  message: 'bruce@irembo.gov successfully logged in',
  service: 'user-service',
  timestamp: '2023-03-26T07:42:32.035Z'
}
{
  level: 'info',
  message: 'higirobru+pm@gmail.com successfully logged in',
  service: 'user-service',
  timestamp: '2023-03-26T07:42:50.570Z'
}
{
  level: 'warn',
  message: 'Password for 641d462e8b88b17b072ce318 was successfully reset',
  service: 'user-service',
  timestamp: '2023-03-26T07:43:01.228Z'
}
{
  level: 'info',
  message: 'higirobru+pm@gmail.com successfully logged in',
  service: 'user-service',
  timestamp: '2023-03-26T07:43:18.842Z'
}
{
  level: 'warn',
  message: 'Password for 641d462e8b88b17b072ce318 was successfully reset',
  service: 'user-service',
  timestamp: '2023-03-26T07:43:32.036Z'
}
{
  level: 'info',
  message: 'higirobru+pm@gmail.com successfully logged in',
  service: 'user-service',
  timestamp: '2023-03-26T07:43:39.265Z'
}
{
  level: 'info',
  message: 'Contract 641ff73acd44c51f0d66d803 set to partially-signed status',
  service: 'user-service',
  timestamp: '2023-03-26T07:43:53.877Z'
}
{
  level: 'info',
  message: 'higirobru+vendor@gmail.com successfully logged in',
  service: 'user-service',
  timestamp: '2023-03-26T07:44:10.673Z'
}
{
  level: 'info',
  message: 'Contract 641ff73acd44c51f0d66d803 set to signed status',
  service: 'user-service',
  timestamp: '2023-03-26T07:44:28.367Z'
}
{
  level: 'info',
  message: 'bruce@irembo.gov successfully logged in',
  service: 'user-service',
  timestamp: '2023-03-26T07:44:38.877Z'
}
{
  level: 'info',
  message: 'higirobru+pm@gmail.com successfully logged in',
  service: 'user-service',
  timestamp: '2023-03-26T08:02:28.198Z'
}
{
  level: 'info',
  message: 'higirobru+vendor@gmail.com successfully logged in',
  service: 'user-service',
  timestamp: '2023-03-26T08:03:07.263Z'
}
{
  level: 'info',
  message: 'bruce@irembo.gov successfully logged in',
  service: 'user-service',
  timestamp: '2023-03-26T08:03:16.171Z'
}
{
  level: 'info',
  message: 'App started on port 9999',
  service: 'user-service',
  timestamp: '2023-03-26T08:45:58.550Z'
}
{
  level: 'info',
  message: 'App started on port 9999',
  service: 'user-service',
  timestamp: '2023-03-26T09:01:10.232Z'
}
{
  level: 'info',
  message: 'App started on port 9999',
  service: 'user-service',
  timestamp: '2023-03-26T09:59:35.177Z'
}
{
  level: 'info',
  message: 'higirobru+vendor@gmail.com successfully logged in',
  service: 'user-service',
  timestamp: '2023-03-26T11:12:02.766Z'
}
{
  level: 'info',
  message: 'higirobru+vendor@gmail.com successfully logged in',
  service: 'user-service',
  timestamp: '2023-03-26T11:12:17.593Z'
}
{
  level: 'info',
  message: 'bruce@irembo.gov successfully logged in',
  service: 'user-service',
  timestamp: '2023-03-26T11:12:23.903Z'
}
{
  level: 'info',
  message: 'higirobru+vendor@gmail.com successfully logged in',
  service: 'user-service',
  timestamp: '2023-03-26T11:13:04.284Z'
}
{
  level: 'info',
  message: 'bruce@irembo.gov successfully logged in',
  service: 'user-service',
  timestamp: '2023-03-26T11:14:10.467Z'
}
{
  level: 'info',
  message: 'higirobru+vendor@gmail.com successfully logged in',
  service: 'user-service',
  timestamp: '2023-03-26T11:14:46.260Z'
}
{
  level: 'info',
  message: 'bruce@irembo.gov successfully logged in',
  service: 'user-service',
  timestamp: '2023-03-26T11:15:30.829Z'
}
{
  level: 'info',
  message: 'brucehigiro2+vendor@gmail.com successfully logged in',
  service: 'user-service',
  timestamp: '2023-03-26T11:16:00.668Z'
}
{
  level: 'info',
  message: 'higirobru+pm@gmail.com successfully logged in',
  service: 'user-service',
  timestamp: '2023-03-26T11:16:54.957Z'
}
{
  level: 'info',
  message: 'higirobru+ceo@gmail.com successfully logged in',
  service: 'user-service',
  timestamp: '2023-03-26T11:25:51.973Z'
}
{
  level: 'info',
  message: 'bruce@irembo.gov successfully logged in',
  service: 'user-service',
  timestamp: '2023-03-26T11:25:59.349Z'
}
{
  level: 'info',
  message: 'higirobru+ceo@gmail.com successfully logged in',
  service: 'user-service',
  timestamp: '2023-03-26T11:26:19.057Z'
}
{
  level: 'info',
  message: 'higirobru+pm@gmail.com successfully logged in',
  service: 'user-service',
  timestamp: '2023-03-26T11:28:50.939Z'
}
{
  level: 'info',
  message: 'brucehigiro2+vendor@gmail.com successfully logged in',
  service: 'user-service',
  timestamp: '2023-03-26T11:29:27.654Z'
}
{
  level: 'info',
  message: 'bruce@irembo.gov successfully logged in',
  service: 'user-service',
  timestamp: '2023-03-26T11:36:34.382Z'
}
{
  level: 'info',
  message: 'App started on port 9999',
  service: 'user-service',
  timestamp: '2023-03-27T15:00:13.111Z'
}
{
  level: 'info',
  message: 'App started on port 9999',
  service: 'user-service',
  timestamp: '2023-03-27T15:00:16.556Z'
}
{
  level: 'info',
  message: 'bruce@irembo.gov successfully logged in',
  service: 'user-service',
  timestamp: '2023-03-27T15:02:41.487Z'
}
{
  level: 'info',
  message: 'bruce@irembo.gov successfully logged in',
  service: 'user-service',
  timestamp: '2023-03-27T16:07:37.094Z'
}
{
  level: 'info',
  message: 'info@shapeherd.com failed to log in',
  service: 'user-service',
  timestamp: '2023-03-27T16:07:55.412Z'
}
{
  level: 'info',
  message: 'bruce@irembo.gov successfully logged in',
  service: 'user-service',
  timestamp: '2023-03-27T16:08:05.303Z'
}
{
  level: 'info',
  message: 'brucehigiro2+vendor@gmail.com successfully logged in',
  service: 'user-service',
  timestamp: '2023-03-27T16:08:29.491Z'
}
{
  level: 'info',
  message: 'bruce@irembo.gov successfully logged in',
  service: 'user-service',
  timestamp: '2023-03-27T16:11:03.578Z'
}
{
  level: 'info',
  message: 'higirobru+pm@gmail.com successfully logged in',
  service: 'user-service',
  timestamp: '2023-03-27T16:26:47.537Z'
}
{
  level: 'info',
  message: 'App started on port 9999',
  service: 'user-service',
  timestamp: '2023-03-28T06:45:03.141Z'
}
{
  level: 'info',
  message: 'App started on port 9999',
  service: 'user-service',
  timestamp: '2023-03-28T06:48:55.597Z'
}
{
  level: 'info',
  message: 'App started on port 9999',
  service: 'user-service',
  timestamp: '2023-03-28T06:48:57.787Z'
}
{
  level: 'info',
  message: 'bruce@irembo.gov successfully logged in',
  service: 'user-service',
  timestamp: '2023-03-28T06:51:08.391Z'
}
{
  level: 'error',
  message: 'SIGINT signal detected',
  service: 'user-service',
  timestamp: '2023-03-28T07:58:09.097Z'
}
{
  level: 'info',
  message: 'App started on port 9999',
  service: 'user-service',
  timestamp: '2023-03-28T16:10:51.376Z'
}
{
  level: 'info',
  message: 'App started on port 9999',
  service: 'user-service',
  timestamp: '2023-03-28T16:10:53.487Z'
}
{
  level: 'info',
  message: 'bruce@irembo.gov successfully logged in',
  service: 'user-service',
  timestamp: '2023-03-28T16:19:19.950Z'
}
{
  level: 'error',
  message: 'SIGINT signal detected',
  service: 'user-service',
  timestamp: '2023-03-29T07:05:59.959Z'
}
{
  level: 'error',
  message: 'Closing the server',
  service: 'user-service',
  timestamp: '2023-03-29T07:05:59.968Z'
}
{
  level: 'error',
  message: 'HTTP server closed',
  service: 'user-service',
  timestamp: '2023-03-29T07:05:59.972Z'
}
{
  level: 'error',
  message: 'SIGINT signal detected',
  service: 'user-service',
  timestamp: '2023-03-29T07:06:00.026Z'
}
{
  level: 'error',
  message: 'Closing the server',
  service: 'user-service',
  timestamp: '2023-03-29T07:06:00.026Z'
}
{
  level: 'error',
  message: 'HTTP server closed',
  service: 'user-service',
  timestamp: '2023-03-29T07:06:00.028Z'
}
{
  level: 'error',
  message: 'SIGINT signal detected',
  service: 'user-service',
  timestamp: '2023-03-29T07:06:00.059Z'
}
{
  level: 'error',
  message: 'Closing the server',
  service: 'user-service',
  timestamp: '2023-03-29T07:06:00.060Z'
}
{
  level: 'error',
  message: 'HTTP server closed',
  service: 'user-service',
  timestamp: '2023-03-29T07:06:00.060Z'
}
{
  level: 'error',
  message: 'SIGINT signal detected',
  service: 'user-service',
  timestamp: '2023-03-29T07:06:00.060Z'
}
{
  level: 'error',
  message: 'Closing the server',
  service: 'user-service',
  timestamp: '2023-03-29T07:06:00.060Z'
}
{
  level: 'error',
  message: 'HTTP server closed',
  service: 'user-service',
  timestamp: '2023-03-29T07:06:00.060Z'
}
{
  level: 'error',
  message: 'SIGINT signal detected',
  service: 'user-service',
  timestamp: '2023-03-29T07:06:00.073Z'
}
{
  level: 'error',
  message: 'Closing the server',
  service: 'user-service',
  timestamp: '2023-03-29T07:06:00.073Z'
}
{
  level: 'error',
  message: 'HTTP server closed',
  service: 'user-service',
  timestamp: '2023-03-29T07:06:00.073Z'
}
{
  level: 'error',
  message: 'MongoDb connection closed.',
  service: 'user-service',
  timestamp: '2023-03-29T07:06:00.078Z'
}
{
  level: 'info',
  message: 'App started on port 9999',
  service: 'user-service',
  timestamp: '2023-03-29T14:28:51.773Z'
}
{
  level: 'info',
  message: 'App started on port 9999',
  service: 'user-service',
  timestamp: '2023-03-29T14:28:53.899Z'
}
{
  level: 'info',
  message: 'bruce@irembo.gov successfully logged in',
  service: 'user-service',
  timestamp: '2023-03-29T14:29:26.231Z'
}
{
  level: 'info',
  message: 'richard@irembo.gov successfully logged in',
  service: 'user-service',
  timestamp: '2023-03-29T15:26:10.286Z'
}
{
  level: 'info',
  message: 'aline@irembo.gov successfully logged in',
  service: 'user-service',
  timestamp: '2023-03-29T15:45:36.868Z'
}
{
  level: 'info',
  message: 'bruce@irembo.gov successfully logged in',
  service: 'user-service',
  timestamp: '2023-03-29T15:50:59.598Z'
}
{
  level: 'info',
  message: '642463734a670887f40247d4 was successfully created',
  service: 'user-service',
  timestamp: '2023-03-29T16:12:35.047Z'
}
{
  level: 'info',
  message: 'undefined was successfully created',
  service: 'user-service',
  timestamp: '2023-03-29T16:12:43.500Z'
}
{
  level: 'info',
  message: 'undefined was successfully created',
  service: 'user-service',
  timestamp: '2023-03-29T16:13:07.170Z'
}
{
  level: 'info',
  message: 'undefined was successfully created',
  service: 'user-service',
  timestamp: '2023-03-29T16:13:31.664Z'
}
{
  level: 'info',
  message: 'undefined was successfully created',
  service: 'user-service',
  timestamp: '2023-03-29T16:13:32.133Z'
}
{
  level: 'info',
  message: 'undefined was successfully created',
  service: 'user-service',
  timestamp: '2023-03-29T16:13:32.355Z'
}
{
  level: 'info',
  message: 'undefined was successfully created',
  service: 'user-service',
  timestamp: '2023-03-29T16:13:32.590Z'
}
{
  level: 'info',
  message: 'undefined was successfully created',
  service: 'user-service',
  timestamp: '2023-03-29T16:13:32.844Z'
}
{
  level: 'info',
  message: 'undefined was successfully created',
  service: 'user-service',
  timestamp: '2023-03-29T16:13:33.076Z'
}
{
  level: 'info',
  message: 'bruce@irembo.gov successfully logged in',
  service: 'user-service',
  timestamp: '2023-03-29T16:13:47.057Z'
}
{
  level: 'info',
  message: 'bruce@irembo.gov successfully logged in',
  service: 'user-service',
  timestamp: '2023-03-29T16:14:44.826Z'
}
{
  level: 'info',
  message: 'undefined was successfully created',
  service: 'user-service',
  timestamp: '2023-03-29T16:14:54.795Z'
}
{
  level: 'info',
  message: '6424640d4a670887f40248cf was successfully created',
  service: 'user-service',
  timestamp: '2023-03-29T16:15:09.308Z'
}
{
  level: 'info',
  message: 'undefined was successfully created',
  service: 'user-service',
  timestamp: '2023-03-29T16:15:09.777Z'
}
{
  level: 'info',
  message: 'undefined was successfully created',
  service: 'user-service',
  timestamp: '2023-03-29T16:15:09.995Z'
}
{
  level: 'info',
  message: 'undefined was successfully created',
  service: 'user-service',
  timestamp: '2023-03-29T16:15:10.245Z'
}
{
  level: 'info',
  message: 'undefined was successfully created',
  service: 'user-service',
  timestamp: '2023-03-29T16:15:10.480Z'
}
{
  level: 'info',
  message: 'App started on port 9999',
  service: 'user-service',
  timestamp: '2023-03-29T16:57:53.519Z'
}
{
  level: 'info',
  message: 'App started on port 9999',
  service: 'user-service',
  timestamp: '2023-03-29T16:59:31.469Z'
}
{
  level: 'info',
  message: 'App started on port 9999',
  service: 'user-service',
  timestamp: '2023-03-29T17:00:24.475Z'
}
{
  level: 'info',
  message: '642471bcdb1299909ec130d1 was successfully created',
  service: 'user-service',
  timestamp: '2023-03-29T17:13:32.413Z'
}
{
  level: 'info',
  message: '64247268db1299909ec131aa was successfully created',
  service: 'user-service',
  timestamp: '2023-03-29T17:16:24.046Z'
}
{
  level: 'error',
  message: 'SIGINT signal detected',
  service: 'user-service',
  timestamp: '2023-03-31T12:21:58.510Z'
}
{
  level: 'info',
  message: 'App started on port 9999',
  service: 'user-service',
  timestamp: '2023-03-31T15:45:35.879Z'
}
{
  level: 'info',
  message: 'App started on port 9999',
  service: 'user-service',
  timestamp: '2023-03-31T15:45:38.031Z'
}
{
  level: 'info',
  message: 'App started on port 9999',
  service: 'user-service',
  timestamp: '2023-03-31T15:46:21.995Z'
}
{
  level: 'info',
  message: 'bruce@irembo.gov successfully logged in',
  service: 'user-service',
  timestamp: '2023-03-31T15:48:31.903Z'
}
{
  level: 'error',
  message: 'Unauthorized API access was declined.',
  payload: '/users',
  service: 'user-service',
  timestamp: '2023-03-31T16:23:48.298Z'
}
{
  level: 'info',
  message: 'App started on port 9999',
  service: 'user-service',
  timestamp: '2023-03-31T16:32:22.033Z'
}
{
  level: 'info',
  message: 'App started on port 9999',
  service: 'user-service',
  timestamp: '2023-03-31T16:32:42.501Z'
}
{
  level: 'info',
  message: 'App started on port 9999',
  service: 'user-service',
  timestamp: '2023-03-31T16:36:25.676Z'
}
{
  level: 'info',
  message: 'bruce@irembo.gov successfully logged in',
  service: 'user-service',
  timestamp: '2023-03-31T16:39:51.583Z'
}
{
  level: 'info',
  message: 'App started on port 9999',
  service: 'user-service',
  timestamp: '2023-04-01T05:58:30.767Z'
}
{
  level: 'info',
  message: 'App started on port 9999',
  service: 'user-service',
  timestamp: '2023-04-01T06:00:15.094Z'
}
{
  level: 'info',
  message: 'App started on port 9999',
  service: 'user-service',
  timestamp: '2023-04-01T06:00:57.385Z'
}
{
  level: 'info',
  message: 'App started on port 9999',
  service: 'user-service',
  timestamp: '2023-04-01T06:02:35.497Z'
}
{
  level: 'info',
  message: 'App started on port 9999',
  service: 'user-service',
  timestamp: '2023-04-01T06:04:43.842Z'
}
{
  level: 'info',
  message: 'App started on port 9999',
  service: 'user-service',
  timestamp: '2023-04-01T06:11:45.648Z'
}
{
  level: 'info',
  message: 'App started on port 9999',
  service: 'user-service',
  timestamp: '2023-04-01T06:11:48.235Z'
}
{
  level: 'info',
  message: 'App started on port 9999',
  service: 'user-service',
  timestamp: '2023-04-01T06:16:37.985Z'
}
{
  level: 'info',
  message: 'App started on port 9999',
  service: 'user-service',
  timestamp: '2023-04-01T06:17:04.189Z'
}
{
  level: 'info',
  message: 'App started on port 9999',
  service: 'user-service',
  timestamp: '2023-04-01T06:17:13.321Z'
}
{
  level: 'info',
  message: 'App started on port 9999',
  service: 'user-service',
  timestamp: '2023-04-01T06:18:50.794Z'
}
{
  level: 'info',
  message: 'App started on port 9999',
  service: 'user-service',
  timestamp: '2023-04-01T06:18:52.897Z'
}
{
  level: 'info',
  message: '6427cd3d6286cf110f1a09cd was successfully created',
  service: 'user-service',
  timestamp: '2023-04-01T06:20:45.261Z'
}
{
  level: 'info',
  message: 'bruce@irembo.gov successfully logged in',
  service: 'user-service',
  timestamp: '2023-04-01T09:07:40.912Z'
}
{
  level: 'info',
  message: 'bruce@irembo.gov successfully logged in',
  service: 'user-service',
  timestamp: '2023-04-01T09:08:43.423Z'
}
{
  level: 'info',
  message: 'richard@irembo.gov successfully logged in',
  service: 'user-service',
  timestamp: '2023-04-01T09:08:53.259Z'
}
{
  level: 'info',
  message: 'bruce@irembo.gov successfully logged in',
  service: 'user-service',
  timestamp: '2023-04-01T09:09:10.426Z'
}
{
  level: 'info',
  message: 'brucehigiro2+vendor@gmail.com successfully logged in',
  service: 'user-service',
  timestamp: '2023-04-01T09:09:28.787Z'
}
{
  level: 'info',
  message: 'bruce@irembo.gov successfully logged in',
  service: 'user-service',
  timestamp: '2023-04-01T09:10:18.437Z'
}
{
  level: 'info',
  message: 'brucehigiro2+vendor@gmail.com successfully logged in',
  service: 'user-service',
  timestamp: '2023-04-01T09:10:42.774Z'
}
{
  level: 'info',
  message: 'bruce@irembo.gov successfully logged in',
  service: 'user-service',
  timestamp: '2023-04-01T09:12:04.209Z'
}
{
  level: 'info',
  message: 'Bid 6427f55c6286cf110f1a175a selected for the tender 6427f3bc6286cf110f1a12f5',
  service: 'user-service',
  timestamp: '2023-04-01T09:12:18.587Z'
}
{
  level: 'info',
  message: 'higirobru+ceo@gmail.com successfully logged in',
  service: 'user-service',
  timestamp: '2023-04-01T09:12:40.970Z'
}
{
  level: 'info',
  message: 'bruce@irembo.gov successfully logged in',
  service: 'user-service',
  timestamp: '2023-04-01T09:13:13.229Z'
}
{
  level: 'info',
  message: 'Bid 6427f55c6286cf110f1a175a was awarded for the tender 6427f3bc6286cf110f1a12f5',
  service: 'user-service',
  timestamp: '2023-04-01T09:14:37.934Z'
}
{
  level: 'info',
  message: 'Contract 6427fa266286cf110f1a1c26 successfully created',
  service: 'user-service',
  timestamp: '2023-04-01T09:32:22.453Z'
}
{
  level: 'info',
  message: 'Contract 6427fa626286cf110f1a1cd6 successfully created',
  service: 'user-service',
  timestamp: '2023-04-01T09:33:22.100Z'
}
{
  level: 'info',
  message: 'Contract 6427fb736286cf110f1a1d39 successfully created',
  service: 'user-service',
  timestamp: '2023-04-01T09:37:55.505Z'
}
{
  level: 'info',
  message: 'Contract 642853fa6286cf110f1a1df5 successfully created',
  service: 'user-service',
  timestamp: '2023-04-01T15:55:38.803Z'
}
{
  level: 'info',
  message: 'bruce@irembo.gov successfully logged in',
  service: 'user-service',
  timestamp: '2023-04-01T16:47:08.149Z'
}
{
  level: 'info',
  message: 'Bid 6427f55c6286cf110f1a175a selected for the tender 6427f3bc6286cf110f1a12f5',
  service: 'user-service',
  timestamp: '2023-04-01T17:00:33.542Z'
}
{
  level: 'info',
  message: '6428672c6286cf110f1a28c9 was successfully created',
  service: 'user-service',
  timestamp: '2023-04-01T17:17:32.683Z'
}
{
  level: 'info',
  message: '64286ae76286cf110f1a2a4f was successfully created',
  service: 'user-service',
  timestamp: '2023-04-01T17:33:27.400Z'
}
{
  level: 'info',
  message: 'higirobru+user2@gmail.com successfully logged in',
  service: 'user-service',
  timestamp: '2023-04-01T17:35:48.586Z'
}
{
  level: 'info',
  message: 'higirobru+user2@gmail.com successfully logged in',
  service: 'user-service',
  timestamp: '2023-04-01T17:35:54.045Z'
}
{
  level: 'info',
  message: 'bruce@irembo.gov successfully logged in',
  service: 'user-service',
  timestamp: '2023-04-01T17:36:01.174Z'
}
{
  level: 'info',
  message: '64286dba6286cf110f1a2c03 was successfully created',
  service: 'user-service',
  timestamp: '2023-04-01T17:45:30.798Z'
}
{
  level: 'info',
  message: 'higirobru+ceo@gmail.com successfully logged in',
  service: 'user-service',
  timestamp: '2023-04-01T17:48:17.705Z'
}
{
  level: 'info',
  message: 'higirobru+ceo@gmail.com successfully logged in',
  service: 'user-service',
  timestamp: '2023-04-01T17:50:15.186Z'
}
{
  level: 'info',
  message: 'higirobru+ceo@gmail.com successfully logged in',
  service: 'user-service',
  timestamp: '2023-04-01T17:56:24.294Z'
}
{
  level: 'info',
  message: 'higirobru+ceo@gmail.com successfully logged in',
  service: 'user-service',
  timestamp: '2023-04-01T17:56:31.264Z'
}
{
  level: 'info',
  message: 'higirobru+ceo@gmail.com successfully logged in',
  service: 'user-service',
  timestamp: '2023-04-01T17:56:47.158Z'
}
{
  level: 'info',
  message: 'higirobru+ceo@gmail.com successfully logged in',
  service: 'user-service',
  timestamp: '2023-04-01T17:57:30.361Z'
}
{
  level: 'info',
  message: 'bruce@irembo.gov successfully logged in',
  service: 'user-service',
  timestamp: '2023-04-01T17:57:58.587Z'
}
{
  level: 'info',
  message: 'bruce@irembo.gov successfully logged in',
  service: 'user-service',
  timestamp: '2023-04-01T17:58:04.542Z'
}
{
  level: 'info',
  message: 'App started on port 9999',
  service: 'user-service',
  timestamp: '2023-04-01T19:05:33.999Z'
}
{
  level: 'info',
  message: 'App started on port 9999',
  service: 'user-service',
  timestamp: '2023-04-01T19:05:36.532Z'
}
{
  level: 'info',
  message: 'App started on port 9999',
  service: 'user-service',
  timestamp: '2023-04-01T19:07:17.150Z'
}
{
  level: 'info',
  message: 'App started on port 9999',
  service: 'user-service',
  timestamp: '2023-04-01T19:07:53.587Z'
}
{
  level: 'info',
  message: 'App started on port 9999',
  service: 'user-service',
  timestamp: '2023-04-01T19:08:00.063Z'
}
{
  level: 'info',
  message: 'App started on port 9999',
  service: 'user-service',
  timestamp: '2023-04-01T19:08:27.768Z'
}
{
  level: 'info',
  message: 'App started on port 9999',
  service: 'user-service',
  timestamp: '2023-04-01T19:08:50.257Z'
}
{
  level: 'info',
  message: 'App started on port 9999',
  service: 'user-service',
  timestamp: '2023-04-01T19:09:49.083Z'
}
{
  level: 'info',
  message: 'App started on port 9999',
  service: 'user-service',
  timestamp: '2023-04-01T19:10:36.628Z'
}
{
  level: 'info',
  message: 'App started on port 9999',
  service: 'user-service',
  timestamp: '2023-04-01T19:10:59.172Z'
}
{
  level: 'info',
  message: 'App started on port 9999',
  service: 'user-service',
  timestamp: '2023-04-01T19:11:14.975Z'
}
{
  level: 'info',
  message: 'App started on port 9999',
  service: 'user-service',
  timestamp: '2023-04-01T19:13:14.858Z'
}
{
  level: 'info',
  message: 'App started on port 9999',
  service: 'user-service',
  timestamp: '2023-04-01T19:14:50.973Z'
}
{
  level: 'info',
  message: 'App started on port 9999',
  service: 'user-service',
  timestamp: '2023-04-01T19:16:35.594Z'
}
{
  level: 'info',
  message: 'App started on port 9999',
  service: 'user-service',
  timestamp: '2023-04-01T19:17:09.723Z'
}
{
  level: 'info',
  message: 'App started on port 9999',
  service: 'user-service',
  timestamp: '2023-04-01T19:18:20.209Z'
}
{
  level: 'info',
  message: 'bruce@irembo.gov successfully logged in',
  service: 'user-service',
  timestamp: '2023-04-01T19:38:42.810Z'
}
{
  level: 'info',
  message: 'brucehigiro2+vendor@gmail.com successfully logged in',
  service: 'user-service',
  timestamp: '2023-04-01T19:38:53.132Z'
}
{
  level: 'info',
  message: 'bruce@irembo.gov successfully logged in',
  service: 'user-service',
  timestamp: '2023-04-01T19:50:58.939Z'
}
{
  level: 'info',
  message: 'App started on port 9999',
  service: 'user-service',
  timestamp: '2023-04-01T22:12:07.382Z'
}
{
  level: 'info',
  message: 'App started on port 9999',
  service: 'user-service',
  timestamp: '2023-04-05T14:08:14.125Z'
}
{
  level: 'info',
  message: 'App started on port 9999',
  service: 'user-service',
  timestamp: '2023-04-05T14:08:15.730Z'
}
{
  level: 'info',
  message: 'bruce@shapeherd.com failed to log in',
  service: 'user-service',
  timestamp: '2023-04-05T14:09:05.793Z'
}
{
  level: 'info',
  message: 'bruce@irembo.gov successfully logged in',
  service: 'user-service',
  timestamp: '2023-04-05T14:09:22.685Z'
}
{
  level: 'info',
  message: 'bruce@shapeherd.com failed to log in',
  service: 'user-service',
  timestamp: '2023-04-06T06:43:26.547Z'
}
{
  level: 'info',
  message: 'bruce@irembo.gov successfully logged in',
  service: 'user-service',
  timestamp: '2023-04-06T06:43:33.743Z'
}
{
  level: 'info',
  message: 'App started on port 9999',
  service: 'user-service',
  timestamp: '2023-04-06T06:48:53.203Z'
}
{
  level: 'info',
  message: 'bruce@irembo.gov successfully logged in',
  service: 'user-service',
  timestamp: '2023-04-06T06:53:37.200Z'
}
{
  level: 'info',
  message: 'App started on port 9999',
  service: 'user-service',
  timestamp: '2023-04-06T13:19:25.107Z'
}
{
  level: 'info',
  message: 'App started on port 9999',
  service: 'user-service',
  timestamp: '2023-04-06T13:20:13.614Z'
}
{
  level: 'info',
  message: 'App started on port 9999',
  service: 'user-service',
  timestamp: '2023-04-06T13:20:36.630Z'
}
{
  level: 'error',
  message: 'Unauthorized API access was declined.',
  payload: '/users',
  service: 'user-service',
  timestamp: '2023-04-06T13:21:45.519Z'
}
{
  level: 'info',
  message: 'App started on port 9999',
  service: 'user-service',
  timestamp: '2023-04-06T13:22:34.266Z'
}
{
  level: 'info',
  message: 'App started on port 9999',
  service: 'user-service',
  timestamp: '2023-04-06T13:23:01.385Z'
}
{
  level: 'info',
  message: 'App started on port 9999',
  service: 'user-service',
  timestamp: '2023-04-06T13:23:56.766Z'
}
{
  level: 'info',
  message: 'App started on port 9999',
  service: 'user-service',
  timestamp: '2023-04-06T13:24:01.608Z'
}
{
  level: 'info',
  message: 'App started on port 9999',
  service: 'user-service',
  timestamp: '2023-04-06T13:24:13.446Z'
}
{
  level: 'info',
  message: 'App started on port 9999',
  service: 'user-service',
  timestamp: '2023-04-06T13:24:18.727Z'
}
{
  level: 'info',
  message: 'bruce@irembo.gov successfully logged in',
  service: 'user-service',
  timestamp: '2023-04-06T13:47:08.261Z'
}
{
  level: 'info',
  message: 'App started on port 9999',
  service: 'user-service',
  timestamp: '2023-04-06T13:56:03.386Z'
}
{
  level: 'info',
  message: 'App started on port 9999',
  service: 'user-service',
  timestamp: '2023-04-06T13:56:29.768Z'
}
{
  level: 'info',
  message: 'App started on port 9999',
  service: 'user-service',
  timestamp: '2023-04-06T13:56:36.032Z'
}
{
  level: 'info',
  message: 'bruce@irembo.gov successfully logged in',
  service: 'user-service',
  timestamp: '2023-04-06T16:26:07.135Z'
}
{
  level: 'error',
  message: 'SIGINT signal detected',
  service: 'user-service',
  timestamp: '2023-04-06T16:57:37.585Z'
}
{
  level: 'info',
  message: 'App started on port 9999',
  service: 'user-service',
  timestamp: '2023-04-07T09:23:24.049Z'
}
{
  level: 'info',
  message: 'App started on port 9999',
  service: 'user-service',
  timestamp: '2023-04-07T09:23:25.545Z'
}
{
  level: 'info',
  message: 'App started on port 9999',
  service: 'user-service',
  timestamp: '2023-04-07T10:28:35.988Z'
}
{
  level: 'info',
  message: 'App started on port 9999',
  service: 'user-service',
  timestamp: '2023-04-07T10:31:48.853Z'
}
{
  level: 'info',
  message: 'App started on port 9999',
  service: 'user-service',
  timestamp: '2023-04-07T11:21:59.242Z'
}
{
  level: 'info',
  message: 'App started on port 9999',
  service: 'user-service',
  timestamp: '2023-04-07T11:22:29.456Z'
}
{
  level: 'info',
  message: 'bruce@irembo.gov successfully logged in',
  service: 'user-service',
  timestamp: '2023-04-08T07:23:17.089Z'
}
{
  level: 'error',
  message: 'SIGINT signal detected',
  service: 'user-service',
  timestamp: '2023-04-08T22:08:49.908Z'
}
{
  level: 'error',
  message: 'Closing the server',
  service: 'user-service',
  timestamp: '2023-04-08T22:08:49.936Z'
}
{
  level: 'error',
  message: 'HTTP server closed',
  service: 'user-service',
  timestamp: '2023-04-08T22:08:49.952Z'
}
{
  level: 'info',
  message: 'App started on port 9999',
  service: 'user-service',
  timestamp: '2023-04-10T07:43:50.799Z'
}
{
  level: 'info',
  message: 'App started on port 9999',
  service: 'user-service',
  timestamp: '2023-04-10T07:43:52.953Z'
}
{
  level: 'info',
  message: 'App started on port 9999',
  service: 'user-service',
  timestamp: '2023-04-10T07:45:37.723Z'
}
{
  level: 'info',
  message: 'App started on port 9999',
  service: 'user-service',
  timestamp: '2023-04-10T07:48:38.433Z'
}
{
  level: 'info',
  message: 'App started on port 9999',
  service: 'user-service',
  timestamp: '2023-04-10T07:49:12.491Z'
}
{
  level: 'info',
  message: 'App started on port 9999',
  service: 'user-service',
  timestamp: '2023-04-10T08:22:08.783Z'
}
{
  level: 'info',
  message: 'App started on port 9999',
  service: 'user-service',
  timestamp: '2023-04-10T08:22:47.307Z'
}
{
  level: 'info',
  message: 'App started on port 9999',
  service: 'user-service',
  timestamp: '2023-04-10T08:26:10.537Z'
}
{
  level: 'info',
  message: 'App started on port 9999',
  service: 'user-service',
  timestamp: '2023-04-10T08:31:12.305Z'
}
{
  level: 'info',
  message: 'App started on port 9999',
  service: 'user-service',
  timestamp: '2023-04-10T08:34:49.049Z'
}
{
  level: 'info',
  message: 'App started on port 9999',
  service: 'user-service',
  timestamp: '2023-04-10T08:35:00.074Z'
}
{
  level: 'info',
  message: 'App started on port 9999',
  service: 'user-service',
  timestamp: '2023-04-10T08:35:59.844Z'
}
{
  level: 'info',
  message: 'App started on port 9999',
  service: 'user-service',
  timestamp: '2023-04-10T08:36:48.147Z'
}
{
  level: 'info',
  message: 'App started on port 9999',
  service: 'user-service',
  timestamp: '2023-04-10T08:37:09.083Z'
}
{
  level: 'info',
  message: 'App started on port 9999',
  service: 'user-service',
  timestamp: '2023-04-10T08:39:30.600Z'
}
{
  level: 'info',
  message: 'App started on port 9999',
  service: 'user-service',
  timestamp: '2023-04-10T08:39:57.602Z'
}
{
  level: 'info',
  message: 'App started on port 9999',
  service: 'user-service',
  timestamp: '2023-04-10T08:40:28.240Z'
}
{
  level: 'info',
  message: 'App started on port 9999',
  service: 'user-service',
  timestamp: '2023-04-10T08:42:03.771Z'
}
{
  level: 'info',
  message: 'App started on port 9999',
  service: 'user-service',
  timestamp: '2023-04-10T08:42:11.195Z'
}
{
  level: 'info',
  message: 'App started on port 9999',
  service: 'user-service',
  timestamp: '2023-04-10T08:43:24.883Z'
}
{
  level: 'info',
  message: 'App started on port 9999',
  service: 'user-service',
  timestamp: '2023-04-10T08:44:52.221Z'
}
{
  level: 'info',
  message: 'App started on port 9999',
  service: 'user-service',
  timestamp: '2023-04-10T08:45:05.720Z'
}
{
  level: 'info',
  message: 'App started on port 9999',
  service: 'user-service',
  timestamp: '2023-04-10T08:46:08.945Z'
}
{
  level: 'info',
  message: 'App started on port 9999',
  service: 'user-service',
  timestamp: '2023-04-10T08:53:32.771Z'
}
{
  level: 'info',
  message: 'App started on port 9999',
  service: 'user-service',
  timestamp: '2023-04-10T08:54:12.710Z'
}
{
  level: 'info',
  message: 'App started on port 9999',
  service: 'user-service',
  timestamp: '2023-04-10T08:54:35.209Z'
}
{
  level: 'info',
  message: 'App started on port 9999',
  service: 'user-service',
  timestamp: '2023-04-10T09:09:55.164Z'
}
{
  level: 'info',
  message: 'App started on port 9999',
  service: 'user-service',
  timestamp: '2023-04-10T09:11:28.916Z'
}
{
  level: 'info',
  message: 'App started on port 9999',
  service: 'user-service',
  timestamp: '2023-04-10T09:12:01.496Z'
}
{
  level: 'info',
  message: 'App started on port 9999',
  service: 'user-service',
  timestamp: '2023-04-10T09:12:12.933Z'
}
{
  level: 'info',
  message: 'App started on port 9999',
  service: 'user-service',
  timestamp: '2023-04-10T09:12:49.845Z'
}
{
  level: 'info',
  message: 'App started on port 9999',
  service: 'user-service',
  timestamp: '2023-04-10T09:16:53.030Z'
}
{
  level: 'info',
  message: 'App started on port 9999',
  service: 'user-service',
  timestamp: '2023-04-10T09:24:23.758Z'
}
{
  level: 'info',
  message: 'App started on port 9999',
  service: 'user-service',
  timestamp: '2023-04-10T09:27:16.588Z'
}
{
  level: 'info',
  message: 'App started on port 9999',
  service: 'user-service',
  timestamp: '2023-04-10T09:27:27.127Z'
}
{
  level: 'info',
  message: 'App started on port 9999',
  service: 'user-service',
  timestamp: '2023-04-10T09:28:04.235Z'
}
{
  level: 'info',
  message: 'App started on port 9999',
  service: 'user-service',
  timestamp: '2023-04-10T09:29:14.586Z'
}
{
  level: 'info',
  message: 'App started on port 9999',
  service: 'user-service',
  timestamp: '2023-04-10T09:29:58.686Z'
}
{
  level: 'info',
  message: 'App started on port 9999',
  service: 'user-service',
  timestamp: '2023-04-10T09:31:59.372Z'
}
{
  level: 'info',
  message: 'App started on port 9999',
  service: 'user-service',
  timestamp: '2023-04-10T09:32:20.117Z'
}
{
  level: 'info',
  message: 'App started on port 9999',
  service: 'user-service',
  timestamp: '2023-04-10T09:33:15.070Z'
}
{
  level: 'info',
  message: 'App started on port 9999',
  service: 'user-service',
  timestamp: '2023-04-10T09:33:29.821Z'
}
{
  level: 'info',
  message: 'App started on port 9999',
  service: 'user-service',
  timestamp: '2023-04-10T09:50:03.457Z'
}
{
  level: 'info',
  message: 'App started on port 9999',
  service: 'user-service',
  timestamp: '2023-04-10T10:05:52.585Z'
}
{
  level: 'info',
  message: 'App started on port 9999',
  service: 'user-service',
  timestamp: '2023-04-10T10:13:56.076Z'
}
{
  level: 'info',
  message: 'App started on port 9999',
  service: 'user-service',
  timestamp: '2023-04-10T10:19:09.011Z'
}
{
  level: 'error',
  message: 'SIGINT signal detected',
  service: 'user-service',
  timestamp: '2023-04-10T11:16:27.474Z'
}
{
  level: 'info',
  message: 'App started on port 9999',
  service: 'user-service',
  timestamp: '2023-04-10T11:16:42.944Z'
}
{
  level: 'info',
  message: 'App started on port 9999',
  service: 'user-service',
  timestamp: '2023-04-10T11:16:44.906Z'
}
{
  level: 'info',
  message: 'App started on port 9999',
  service: 'user-service',
  timestamp: '2023-04-10T11:17:15.130Z'
}
{
  level: 'info',
  message: 'App started on port 9999',
  service: 'user-service',
  timestamp: '2023-04-10T11:20:04.349Z'
}
{
  level: 'info',
  message: 'App started on port 9999',
  service: 'user-service',
  timestamp: '2023-04-10T11:20:40.999Z'
}
{
  level: 'info',
  message: 'App started on port 9999',
  service: 'user-service',
  timestamp: '2023-04-10T11:25:33.660Z'
}
{
  level: 'info',
  message: 'App started on port 9999',
  service: 'user-service',
  timestamp: '2023-04-10T11:26:03.713Z'
}
{
  level: 'info',
  message: 'App started on port 9999',
  service: 'user-service',
  timestamp: '2023-04-10T11:26:19.330Z'
}
{
  level: 'info',
  message: 'App started on port 9999',
  service: 'user-service',
  timestamp: '2023-04-10T11:31:36.826Z'
}
{
  level: 'info',
  message: 'App started on port 9999',
  service: 'user-service',
  timestamp: '2023-04-10T11:35:50.281Z'
}
{
  level: 'info',
  message: 'App started on port 9999',
  service: 'user-service',
  timestamp: '2023-04-10T11:36:10.775Z'
}
{
  level: 'info',
  message: 'App started on port 9999',
  service: 'user-service',
  timestamp: '2023-04-10T12:42:25.939Z'
}
{
  level: 'error',
  message: 'SIGINT signal detected',
  service: 'user-service',
  timestamp: '2023-04-10T12:42:27.969Z'
}
